
Rem-AG beat YndarX
YndarX beat Rem-AG
YndarX(98) beat Rem-AG(83)
YndarX(32) beat Rem-AG(4)
YndarX(65) beat Rem-AG(24)
Tough fight! But YndarX(76) scraped out a victory over Rem-AG(69).
Rem-AG(83) beat YndarX(43)
Rem-AG(18) beat YndarX(8)
YndarX(34) curled up in a ball and Rem-AG(89) won easily.
Varal_Kraeger(20) curled up in a ball and WALLSTREET_001(81) won easily.
Varal_Kraeger(96) beat WALLSTREET_001(64)
Tough fight! But Varal_Kraeger(96) scraped out a victory over WALLSTREET_001(95).
WALLSTREET_001(78) beat Varal_Kraeger(49)
Test One(73) beat Test Two(29)
Test One(71) beat Test Two(42)
Tough fight! But Test Two(5) scraped out a victory over Test One(2).
Tough fight! But Test One(75) scraped out a victory over Test Two(69).
Test Two(26) beat Test One(11)
YndarX(3) curled up in a ball and Rem-AG(98) won easily.
Tough fight! But YndarX(6) scraped out a victory over Rem-AG(1).
Rem-AG(39) beat YndarX(6)
YndarX(98) beat Rem-AG(70)
Tough fight! But TEst(69) scraped out a victory over Test2(67).
Test2(27) beat TEst(3)
Tough fight! But TEst(21) scraped out a victory over Test2(12).
Test(28) curled up in a ball and Test2(87) won easily.
Test2(33) beat Test(22)
Test2(41) beat Test(28)
Rem-AG(65) beat YndarX(26)
MjolnirBot(43) beat MjolnirDWS(26)
MjolnirBot(72) beat MjolnirDWS(51)
Tough fight! But MjolnirDWS(13) scraped out a victory over MjolnirBot(6).
MjolnirDWS(81) beat MjolnirBot(47)
MjolnirDWS(52) beat MjolnirBot(22)
MjolnirDWS(2) curled up in a ball and MjolnirBot(73) won easily.
Tough fight! But MjolnirDWS(59) scraped out a victory over MjolnirBot(53).
MjolnirDWS(58) beat MjolnirBot(8)
MjolnirBot(37) curled up in a ball and MjolnirDWS(98) won easily.
MjolnirBot(84) beat MjolnirDWS(56)
MjolnirDWS2(38) beat MjolnirDWS(18)
MjolnirDWS(40) beat MjolnirBot(19)
MjolnirDWS2(22) curled up in a ball and MjolnirDWS(91) won easily.
MjolnirDWS(39) beat MjolnirBot(21)
MjolnirDWS(23) curled up in a ball and MjolnirDWS2(91) won easily.
Tough fight! But MjolnirBot(83) scraped out a victory over MjolnirDWS(76).
MjolnirDWS(94) beat MjolnirDWS2(81)
Tough fight! But MjolnirDWS(94) scraped out a victory over MjolnirBot(92).
MjolnirDWS(13) curled up in a ball and MjolnirDWS2(76) won easily.
MjolnirDWS(87) beat MjolnirBot(66)
MjolnirDWS2(80) beat MjolnirDWS(51)
MjolnirDWS(90) beat MjolnirBot(42)
Tough fight! But MjolnirDWS2(87) scraped out a victory over MjolnirDWS(78).
MjolnirBot(9) curled up in a ball and MjolnirDWS(84) won easily.
MjolnirDWS2(56) beat MjolnirDWS(44)
Tough fight! But MjolnirDWS(44) scraped out a victory over MjolnirBot(39).
MjolnirDWS2(52) beat MjolnirDWS(22)
MjolnirDWS(98) beat MjolnirBot(49)
Tough fight! But MjolnirDWS2(44) scraped out a victory over MjolnirDWS(35).
MjolnirBot(48) beat MjolnirDWS(29)
MjolnirDWS2(10) curled up in a ball and MjolnirDWS(85) won easily.
MjolnirBot(55) beat MjolnirDWS(40)
MjolnirDWS(70) beat MjolnirDWS2(59)
MjolnirDWS(62) beat MjolnirBot(42)
MjolnirDWS(75) beat MjolnirDWS2(65)
MjolnirBot(59) beat MjolnirDWS(20)
MjolnirDWS(4) curled up in a ball and MjolnirDWS2(80) won easily.
Tough fight! But MjolnirBot(35) scraped out a victory over MjolnirDWS(33).
MjolnirDWS(91) beat MjolnirDWS2(81)
MjolnirDWS(7) curled up in a ball and MjolnirBot(65) won easily.
MjolnirDWS2(98) beat MjolnirDWS(52)
MjolnirDWS(81) beat MjolnirBot(58)
Tough fight! But MjolnirDWS2(81) scraped out a victory over MjolnirDWS(77).
MjolnirDWS(98) beat MjolnirBot(88)
MjolnirDWS(79) beat MjolnirDWS2(51)
MjolnirBot(19) curled up in a ball and MjolnirDWS(85) won easily.
MjolnirDWS2(35) beat MjolnirDWS(19)
MjolnirDWS(89) beat MjolnirBot(67)
MjolnirDWS2(83) beat MjolnirDWS(40)
MjolnirDWS(18) curled up in a ball and MjolnirBot(99) won easily.
Tough fight! But MjolnirDWS(57) scraped out a victory over MjolnirBot(54).
MjolnirDWS(92) beat MjolnirDWS2(51)
MjolnirDWS(30) beat MjolnirBot(18)
Tough fight! But MjolnirDWS(18) scraped out a victory over MjolnirDWS2(14).
MjolnirDWS(26) beat MjolnirBot(10)
MjolnirDWS(27) beat MjolnirDWS2(1)
MjolnirBot(17) beat MjolnirDWS(4)
Tough fight! But MjolnirDWS(39) scraped out a victory over MjolnirDWS2(30).
MjolnirDWS(47) beat MjolnirBot(20)
MjolnirDWS2(49) beat MjolnirDWS(20)
MjolnirDWS(33) beat MjolnirBot(0)
MjolnirDWS2(0) curled up in a ball and MjolnirDWS(98) won easily.
MjolnirBot(7) curled up in a ball and MjolnirDWS(71) won easily.
MjolnirDWS2(32) curled up in a ball and MjolnirDWS(85) won easily.
MjolnirBot(86) beat MjolnirDWS(58)
Tough fight! But MjolnirDWS(84) scraped out a victory over MjolnirDWS2(76).
MjolnirBot(37) beat MjolnirDWS(10)
MjolnirDWS(30) beat MjolnirDWS2(20)
Tough fight! But MjolnirBot(15) scraped out a victory over MjolnirDWS(10).
Tough fight! But MjolnirDWS(40) scraped out a victory over MjolnirDWS2(35).
MjolnirBot(78) beat MjolnirDWS(35)
MjolnirDWS2(86) beat MjolnirDWS(53)
MjolnirDWS(66) beat MjolnirBot(43)
MjolnirDWS2(93) beat MjolnirDWS(63)
Tough fight! But MjolnirBot(79) scraped out a victory over MjolnirDWS(78).
MjolnirDWS(11) curled up in a ball and MjolnirDWS2(85) won easily.
Spooooon(58) beat Rem-AG(13)
Rem-AG(17) curled up in a ball and Spooooon(88) won easily.
Rem-AG(27) curled up in a ball and Spooooon(97) won easily.
Spooooon(37) curled up in a ball and Rem-AG(93) won easily.
Rem-AG(17) curled up in a ball and Spooooon(79) won easily.
MjolnirDWS(75) beat MjolnirBot(31)
Tough fight! But MjolnirBot2(66) scraped out a victory over MjolnirBot(63).
MjolnirDWS(83) beat MjolnirBot(51)
Tough fight! But MjolnirBot(14) scraped out a victory over MjolnirBot2(12).
MjolnirBot(76) beat MjolnirDWS(58)
MjolnirBot2(14) curled up in a ball and MjolnirBot(88) won easily.
Tough fight! But MjolnirDWS(48) scraped out a victory over MjolnirBot(41).
MjolnirBot(41) beat MjolnirDWS(5)
MjolnirDWS(19) curled up in a ball and MjolnirBot(72) won easily.
MjolnirDWS(2) curled up in a ball and MjolnirBot(96) won easily.